<?xml version="1.0" encoding="UTF-8"?>
<testsuite name="challenge.EstacionamentoSubmissionTest" tests="13" skipped="0" failures="0" errors="0" timestamp="2020-06-29T15:37:17" hostname="hajadalaj-Inspiron-5547" time="0.016">
  <properties/>
  <testcase name="naoDeveTerCarroAutonomo" classname="challenge.EstacionamentoSubmissionTest" time="0.002"/>
  <testcase name="casoTodosSejamSeniorONovoMotoristaNaoTeraVaga" classname="challenge.EstacionamentoSubmissionTest" time="0.008"/>
  <testcase name="deveRetornarErroQuandoNaoTemCor" classname="challenge.EstacionamentoSubmissionTest" time="0.0"/>
  <testcase name="casoPrimeiroMotoristaSejaSeniorEleNaoDeveSair" classname="challenge.EstacionamentoSubmissionTest" time="0.001"/>
  <testcase name="naoDeveEstacionarMotoristaSemPontos" classname="challenge.EstacionamentoSubmissionTest" time="0.0"/>
  <testcase name="deveRetorarErroQuandoPontosNegativos" classname="challenge.EstacionamentoSubmissionTest" time="0.0"/>
  <testcase name="deveEstacionar" classname="challenge.EstacionamentoSubmissionTest" time="0.0"/>
  <testcase name="deveRetorarErroQuandoIdadeNegativa" classname="challenge.EstacionamentoSubmissionTest" time="0.0"/>
  <testcase name="naoDeveTerMotoristaDeMenor" classname="challenge.EstacionamentoSubmissionTest" time="0.0"/>
  <testcase name="deveRetornarErroQuandoMotoristaNaoTemNome" classname="challenge.EstacionamentoSubmissionTest" time="0.0"/>
  <testcase name="deveRetornarErroQuandoMotoristaNaoTemHabilitacao" classname="challenge.EstacionamentoSubmissionTest" time="0.0"/>
  <testcase name="naoDeveUltrapassarEstacionamento" classname="challenge.EstacionamentoSubmissionTest" time="0.001"/>
  <testcase name="deveRetornarErroQuandoNaoTemPlaca" classname="challenge.EstacionamentoSubmissionTest" time="0.0"/>
  <system-out><![CDATA[123
123
123
123
123
123
123
123
123
123
123
123
123
123
123
123
123
123
123
123
123
123
123
123
123
123
123
123
123
123
123
]]></system-out>
  <system-err><![CDATA[]]></system-err>
</testsuite>
